<?xml version="1.0" encoding="UTF-8"?>
<testng-results ignored="0" total="1" passed="1" failed="0" skipped="0">
  <reporter-output>
  </reporter-output>
  <suite started-at="2020-08-29T22:05:28 IST" name="Default suite" finished-at="2020-08-29T22:06:16 IST" duration-ms="48208">
    <groups>
    </groups>
    <test started-at="2020-08-29T22:05:28 IST" name="Default test" finished-at="2020-08-29T22:06:16 IST" duration-ms="48208">
      <class name="Quantisti.Section1">
        <test-method signature="Login()[pri:0, instance:Quantisti.Section1@4fe767f3]" started-at="2020-08-29T22:05:28 IST" name="Login" finished-at="2020-08-29T22:06:16 IST" duration-ms="48180" status="PASS">
          <reporter-output>
          </reporter-output>
        </test-method> <!-- Login -->
      </class> <!-- Quantisti.Section1 -->
    </test> <!-- Default test -->
  </suite> <!-- Default suite -->
</testng-results>
