<?xml version="1.0" encoding="UTF-8"?>
<testng-results skipped="0" failed="0" ignored="0" total="1" passed="1">
  <reporter-output>
  </reporter-output>
  <suite name="Default suite" duration-ms="64815" started-at="2020-07-26T15:32:05 IST" finished-at="2020-07-26T15:33:09 IST">
    <groups>
    </groups>
    <test name="Default test" duration-ms="64815" started-at="2020-07-26T15:32:05 IST" finished-at="2020-07-26T15:33:09 IST">
      <class name="Quantisti.Section1">
        <test-method status="PASS" signature="Login()[pri:0, instance:Quantisti.Section1@3a883ce7]" name="Login" duration-ms="64734" started-at="2020-07-26T15:32:05 IST" finished-at="2020-07-26T15:33:09 IST">
          <reporter-output>
          </reporter-output>
        </test-method> <!-- Login -->
      </class> <!-- Quantisti.Section1 -->
    </test> <!-- Default test -->
  </suite> <!-- Default suite -->
</testng-results>
